[2019-12-30 23:13:08.243]  
-----------------------------------------------------------------

[2019-12-30 23:13:08.243]  INIT LOG

[2019-12-30 23:13:08.243]  -----------------------------------------------------------------

[2019-12-30 23:13:10.491]  Initialized Tacotron model. Dimensions: 
[2019-12-30 23:13:10.491]    embedding:               256
[2019-12-30 23:13:10.491]    prenet out:              128
[2019-12-30 23:13:10.491]    encoder out:             256
[2019-12-30 23:13:10.491]    attention out:           256
[2019-12-30 23:13:10.491]    concat attn & out:       512
[2019-12-30 23:13:10.491]    decoder cell out:        256
[2019-12-30 23:13:10.491]    decoder out (5 frames):  400
[2019-12-30 23:13:10.492]    decoder out (1 frame):   80
[2019-12-30 23:13:10.492]    postnet out:             256
[2019-12-30 23:13:10.492]    linear out:              1025
[2019-12-31 10:26:33.072]  
-----------------------------------------------------------------

[2019-12-31 10:26:33.072]  INIT LOG

[2019-12-31 10:26:33.072]  -----------------------------------------------------------------

[2019-12-31 10:26:35.314]  Initialized Tacotron model. Dimensions: 
[2019-12-31 10:26:35.314]    embedding:               256
[2019-12-31 10:26:35.314]    prenet out:              128
[2019-12-31 10:26:35.314]    encoder out:             256
[2019-12-31 10:26:35.314]    attention out:           256
[2019-12-31 10:26:35.314]    concat attn & out:       512
[2019-12-31 10:26:35.314]    decoder cell out:        256
[2019-12-31 10:26:35.314]    decoder out (5 frames):  400
[2019-12-31 10:26:35.314]    decoder out (1 frame):   80
[2019-12-31 10:26:35.314]    postnet out:             256
[2019-12-31 10:26:35.314]    linear out:              1025
[2019-12-31 18:35:48.879]  
-----------------------------------------------------------------

[2019-12-31 18:35:48.880]  INIT LOG

[2019-12-31 18:35:48.880]  -----------------------------------------------------------------

[2019-12-31 18:35:54.280]  Initialized Tacotron model. Dimensions: 
[2019-12-31 18:35:54.280]    embedding:               256
[2019-12-31 18:35:54.280]    prenet out:              128
[2019-12-31 18:35:54.280]    encoder out:             256
[2019-12-31 18:35:54.280]    attention out:           256
[2019-12-31 18:35:54.280]    concat attn & out:       512
[2019-12-31 18:35:54.280]    decoder cell out:        256
[2019-12-31 18:35:54.280]    decoder out (5 frames):  400
[2019-12-31 18:35:54.280]    decoder out (1 frame):   80
[2019-12-31 18:35:54.280]    postnet out:             256
[2019-12-31 18:35:54.281]    linear out:              1025
[2019-12-31 18:46:16.590]  
-----------------------------------------------------------------

[2019-12-31 18:46:16.591]  INIT LOG

[2019-12-31 18:46:16.591]  -----------------------------------------------------------------

[2019-12-31 18:46:27.386]  Initialized Tacotron model. Dimensions: 
[2019-12-31 18:46:27.387]    embedding:               256
[2019-12-31 18:46:27.387]    prenet out:              128
[2019-12-31 18:46:27.387]    encoder out:             256
[2019-12-31 18:46:27.387]    attention out:           256
[2019-12-31 18:46:27.387]    concat attn & out:       512
[2019-12-31 18:46:27.387]    decoder cell out:        256
[2019-12-31 18:46:27.387]    decoder out (5 frames):  400
[2019-12-31 18:46:27.387]    decoder out (1 frame):   80
[2019-12-31 18:46:27.387]    postnet out:             256
[2019-12-31 18:46:27.388]    linear out:              1025
[2020-01-01 16:59:22.522]  
-----------------------------------------------------------------

[2020-01-01 16:59:22.522]  INIT LOG

[2020-01-01 16:59:22.522]  -----------------------------------------------------------------

[2020-01-01 16:59:24.781]  Initialized Tacotron model. Dimensions: 
[2020-01-01 16:59:24.781]    embedding:               256
[2020-01-01 16:59:24.781]    prenet out:              128
[2020-01-01 16:59:24.781]    encoder out:             256
[2020-01-01 16:59:24.781]    attention out:           256
[2020-01-01 16:59:24.781]    concat attn & out:       512
[2020-01-01 16:59:24.781]    decoder cell out:        256
[2020-01-01 16:59:24.781]    decoder out (5 frames):  400
[2020-01-01 16:59:24.781]    decoder out (1 frame):   80
[2020-01-01 16:59:24.781]    postnet out:             256
[2020-01-01 16:59:24.781]    linear out:              1025
[2020-01-01 17:02:30.674]  
-----------------------------------------------------------------

[2020-01-01 17:02:30.674]  INIT LOG

[2020-01-01 17:02:30.674]  -----------------------------------------------------------------

[2020-01-01 17:02:32.900]  Initialized Tacotron model. Dimensions: 
[2020-01-01 17:02:32.900]    embedding:               256
[2020-01-01 17:02:32.900]    prenet out:              128
[2020-01-01 17:02:32.900]    encoder out:             256
[2020-01-01 17:02:32.900]    attention out:           256
[2020-01-01 17:02:32.900]    concat attn & out:       512
[2020-01-01 17:02:32.900]    decoder cell out:        256
[2020-01-01 17:02:32.900]    decoder out (5 frames):  400
[2020-01-01 17:02:32.900]    decoder out (1 frame):   80
[2020-01-01 17:02:32.900]    postnet out:             256
[2020-01-01 17:02:32.900]    linear out:              1025
[2020-01-02 18:52:09.422]  
-----------------------------------------------------------------

[2020-01-02 18:52:09.422]  INIT LOG

[2020-01-02 18:52:09.422]  -----------------------------------------------------------------

[2020-01-02 18:52:11.887]  Initialized Tacotron model. Dimensions: 
[2020-01-02 18:52:11.887]    embedding:               256
[2020-01-02 18:52:11.887]    prenet out:              128
[2020-01-02 18:52:11.887]    encoder out:             256
[2020-01-02 18:52:11.887]    attention out:           256
[2020-01-02 18:52:11.887]    concat attn & out:       512
[2020-01-02 18:52:11.887]    decoder cell out:        256
[2020-01-02 18:52:11.887]    decoder out (5 frames):  400
[2020-01-02 18:52:11.887]    decoder out (1 frame):   80
[2020-01-02 18:52:11.887]    postnet out:             256
[2020-01-02 18:52:11.887]    linear out:              1025
[2020-01-02 18:53:25.445]  
-----------------------------------------------------------------

[2020-01-02 18:53:25.445]  INIT LOG

[2020-01-02 18:53:25.445]  -----------------------------------------------------------------

[2020-01-02 18:53:28.449]  Initialized Tacotron model. Dimensions: 
[2020-01-02 18:53:28.450]    embedding:               256
[2020-01-02 18:53:28.450]    prenet out:              128
[2020-01-02 18:53:28.450]    encoder out:             256
[2020-01-02 18:53:28.450]    attention out:           256
[2020-01-02 18:53:28.450]    concat attn & out:       512
[2020-01-02 18:53:28.450]    decoder cell out:        256
[2020-01-02 18:53:28.450]    decoder out (5 frames):  400
[2020-01-02 18:53:28.450]    decoder out (1 frame):   80
[2020-01-02 18:53:28.450]    postnet out:             256
[2020-01-02 18:53:28.450]    linear out:              1025
[2020-01-02 22:28:00.770]  
-----------------------------------------------------------------

[2020-01-02 22:28:00.770]  INIT LOG

[2020-01-02 22:28:00.770]  -----------------------------------------------------------------

[2020-01-02 22:28:02.923]  Initialized Tacotron model. Dimensions: 
[2020-01-02 22:28:02.923]    embedding:               256
[2020-01-02 22:28:02.923]    prenet out:              128
[2020-01-02 22:28:02.923]    encoder out:             256
[2020-01-02 22:28:02.923]    attention out:           256
[2020-01-02 22:28:02.923]    concat attn & out:       512
[2020-01-02 22:28:02.923]    decoder cell out:        256
[2020-01-02 22:28:02.923]    decoder out (5 frames):  400
[2020-01-02 22:28:02.923]    decoder out (1 frame):   80
[2020-01-02 22:28:02.923]    postnet out:             256
[2020-01-02 22:28:02.923]    linear out:              1025
[2020-01-03 12:39:38.100]  
-----------------------------------------------------------------

[2020-01-03 12:39:38.100]  INIT LOG

[2020-01-03 12:39:38.100]  -----------------------------------------------------------------

[2020-01-03 12:39:40.225]  Initialized Tacotron model. Dimensions: 
[2020-01-03 12:39:40.225]    embedding:               256
[2020-01-03 12:39:40.225]    prenet out:              128
[2020-01-03 12:39:40.225]    encoder out:             256
[2020-01-03 12:39:40.225]    attention out:           256
[2020-01-03 12:39:40.225]    concat attn & out:       512
[2020-01-03 12:39:40.225]    decoder cell out:        256
[2020-01-03 12:39:40.225]    decoder out (5 frames):  400
[2020-01-03 12:39:40.225]    decoder out (1 frame):   80
[2020-01-03 12:39:40.225]    postnet out:             256
[2020-01-03 12:39:40.225]    linear out:              1025
[2020-01-04 12:00:09.005]  
-----------------------------------------------------------------

[2020-01-04 12:00:09.005]  INIT LOG

[2020-01-04 12:00:09.005]  -----------------------------------------------------------------

[2020-01-04 12:00:11.225]  Initialized Tacotron model. Dimensions: 
[2020-01-04 12:00:11.225]    embedding:               256
[2020-01-04 12:00:11.225]    prenet out:              128
[2020-01-04 12:00:11.225]    encoder out:             256
[2020-01-04 12:00:11.225]    attention out:           256
[2020-01-04 12:00:11.225]    concat attn & out:       512
[2020-01-04 12:00:11.225]    decoder cell out:        256
[2020-01-04 12:00:11.225]    decoder out (5 frames):  400
[2020-01-04 12:00:11.225]    decoder out (1 frame):   80
[2020-01-04 12:00:11.225]    postnet out:             256
[2020-01-04 12:00:11.225]    linear out:              1025
[2020-01-04 20:08:03.920]  
-----------------------------------------------------------------

[2020-01-04 20:08:03.920]  INIT LOG

[2020-01-04 20:08:03.920]  -----------------------------------------------------------------

[2020-01-04 20:08:06.098]  Initialized Tacotron model. Dimensions: 
[2020-01-04 20:08:06.098]    embedding:               256
[2020-01-04 20:08:06.098]    prenet out:              128
[2020-01-04 20:08:06.098]    encoder out:             256
[2020-01-04 20:08:06.098]    attention out:           256
[2020-01-04 20:08:06.098]    concat attn & out:       512
[2020-01-04 20:08:06.098]    decoder cell out:        256
[2020-01-04 20:08:06.098]    decoder out (5 frames):  400
[2020-01-04 20:08:06.098]    decoder out (1 frame):   80
[2020-01-04 20:08:06.099]    postnet out:             256
[2020-01-04 20:08:06.099]    linear out:              1025
[2020-01-04 20:08:34.931]  
-----------------------------------------------------------------

[2020-01-04 20:08:34.931]  INIT LOG

[2020-01-04 20:08:34.931]  -----------------------------------------------------------------

[2020-01-04 20:08:37.114]  Initialized Tacotron model. Dimensions: 
[2020-01-04 20:08:37.114]    embedding:               256
[2020-01-04 20:08:37.114]    prenet out:              128
[2020-01-04 20:08:37.114]    encoder out:             256
[2020-01-04 20:08:37.114]    attention out:           256
[2020-01-04 20:08:37.114]    concat attn & out:       512
[2020-01-04 20:08:37.114]    decoder cell out:        256
[2020-01-04 20:08:37.114]    decoder out (5 frames):  400
[2020-01-04 20:08:37.114]    decoder out (1 frame):   80
[2020-01-04 20:08:37.114]    postnet out:             256
[2020-01-04 20:08:37.114]    linear out:              1025
[2020-01-05 13:35:18.740]  
-----------------------------------------------------------------

[2020-01-05 13:35:18.740]  INIT LOG

[2020-01-05 13:35:18.740]  -----------------------------------------------------------------

[2020-01-05 13:35:20.893]  Initialized Tacotron model. Dimensions: 
[2020-01-05 13:35:20.893]    embedding:               256
[2020-01-05 13:35:20.893]    prenet out:              128
[2020-01-05 13:35:20.893]    encoder out:             256
[2020-01-05 13:35:20.893]    attention out:           256
[2020-01-05 13:35:20.893]    concat attn & out:       512
[2020-01-05 13:35:20.893]    decoder cell out:        256
[2020-01-05 13:35:20.893]    decoder out (5 frames):  400
[2020-01-05 13:35:20.893]    decoder out (1 frame):   80
[2020-01-05 13:35:20.893]    postnet out:             256
[2020-01-05 13:35:20.893]    linear out:              1025
[2020-01-06 13:09:44.283]  
-----------------------------------------------------------------

[2020-01-06 13:09:44.283]  INIT LOG

[2020-01-06 13:09:44.283]  -----------------------------------------------------------------

[2020-01-06 13:09:46.467]  Initialized Tacotron model. Dimensions: 
[2020-01-06 13:09:46.467]    embedding:               256
[2020-01-06 13:09:46.467]    prenet out:              128
[2020-01-06 13:09:46.467]    encoder out:             256
[2020-01-06 13:09:46.467]    attention out:           256
[2020-01-06 13:09:46.467]    concat attn & out:       512
[2020-01-06 13:09:46.467]    decoder cell out:        256
[2020-01-06 13:09:46.467]    decoder out (5 frames):  400
[2020-01-06 13:09:46.467]    decoder out (1 frame):   80
[2020-01-06 13:09:46.467]    postnet out:             256
[2020-01-06 13:09:46.467]    linear out:              1025
[2020-01-06 13:14:56.945]  
-----------------------------------------------------------------

[2020-01-06 13:14:56.945]  INIT LOG

[2020-01-06 13:14:56.945]  -----------------------------------------------------------------

[2020-01-06 13:14:59.133]  Initialized Tacotron model. Dimensions: 
[2020-01-06 13:14:59.133]    embedding:               256
[2020-01-06 13:14:59.133]    prenet out:              128
[2020-01-06 13:14:59.133]    encoder out:             256
[2020-01-06 13:14:59.133]    attention out:           256
[2020-01-06 13:14:59.133]    concat attn & out:       512
[2020-01-06 13:14:59.133]    decoder cell out:        256
[2020-01-06 13:14:59.133]    decoder out (5 frames):  400
[2020-01-06 13:14:59.133]    decoder out (1 frame):   80
[2020-01-06 13:14:59.133]    postnet out:             256
[2020-01-06 13:14:59.133]    linear out:              1025
[2020-01-06 13:20:35.026]  
-----------------------------------------------------------------

[2020-01-06 13:20:35.026]  INIT LOG

[2020-01-06 13:20:35.026]  -----------------------------------------------------------------

[2020-01-06 13:20:37.197]  Initialized Tacotron model. Dimensions: 
[2020-01-06 13:20:37.197]    embedding:               256
[2020-01-06 13:20:37.197]    prenet out:              128
[2020-01-06 13:20:37.197]    encoder out:             256
[2020-01-06 13:20:37.197]    attention out:           256
[2020-01-06 13:20:37.197]    concat attn & out:       512
[2020-01-06 13:20:37.197]    decoder cell out:        256
[2020-01-06 13:20:37.197]    decoder out (5 frames):  400
[2020-01-06 13:20:37.197]    decoder out (1 frame):   80
[2020-01-06 13:20:37.198]    postnet out:             256
[2020-01-06 13:20:37.198]    linear out:              1025
[2020-01-06 13:26:18.558]  
-----------------------------------------------------------------

[2020-01-06 13:26:18.558]  INIT LOG

[2020-01-06 13:26:18.558]  -----------------------------------------------------------------

[2020-01-06 13:26:20.739]  Initialized Tacotron model. Dimensions: 
[2020-01-06 13:26:20.739]    embedding:               256
[2020-01-06 13:26:20.739]    prenet out:              128
[2020-01-06 13:26:20.739]    encoder out:             256
[2020-01-06 13:26:20.739]    attention out:           256
[2020-01-06 13:26:20.739]    concat attn & out:       512
[2020-01-06 13:26:20.739]    decoder cell out:        256
[2020-01-06 13:26:20.739]    decoder out (5 frames):  400
[2020-01-06 13:26:20.739]    decoder out (1 frame):   80
[2020-01-06 13:26:20.739]    postnet out:             256
[2020-01-06 13:26:20.739]    linear out:              1025
[2020-01-06 13:35:27.320]  
-----------------------------------------------------------------

[2020-01-06 13:35:27.320]  INIT LOG

[2020-01-06 13:35:27.320]  -----------------------------------------------------------------

[2020-01-06 13:35:29.511]  Initialized Tacotron model. Dimensions: 
[2020-01-06 13:35:29.511]    embedding:               256
[2020-01-06 13:35:29.511]    prenet out:              128
[2020-01-06 13:35:29.511]    encoder out:             256
[2020-01-06 13:35:29.511]    attention out:           256
[2020-01-06 13:35:29.511]    concat attn & out:       512
[2020-01-06 13:35:29.511]    decoder cell out:        256
[2020-01-06 13:35:29.511]    decoder out (5 frames):  400
[2020-01-06 13:35:29.511]    decoder out (1 frame):   80
[2020-01-06 13:35:29.512]    postnet out:             256
[2020-01-06 13:35:29.512]    linear out:              1025
[2020-01-07 12:06:27.407]  
-----------------------------------------------------------------

[2020-01-07 12:06:27.407]  INIT LOG

[2020-01-07 12:06:27.407]  -----------------------------------------------------------------

[2020-01-07 12:06:29.713]  Initialized Tacotron model. Dimensions: 
[2020-01-07 12:06:29.713]    embedding:               256
[2020-01-07 12:06:29.713]    prenet out:              128
[2020-01-07 12:06:29.713]    encoder out:             256
[2020-01-07 12:06:29.713]    attention out:           256
[2020-01-07 12:06:29.713]    concat attn & out:       512
[2020-01-07 12:06:29.713]    decoder cell out:        256
[2020-01-07 12:06:29.713]    decoder out (5 frames):  400
[2020-01-07 12:06:29.713]    decoder out (1 frame):   80
[2020-01-07 12:06:29.713]    postnet out:             256
[2020-01-07 12:06:29.713]    linear out:              1025
[2020-01-07 12:13:07.348]  
-----------------------------------------------------------------

[2020-01-07 12:13:07.348]  INIT LOG

[2020-01-07 12:13:07.348]  -----------------------------------------------------------------

[2020-01-07 12:13:09.571]  Initialized Tacotron model. Dimensions: 
[2020-01-07 12:13:09.572]    embedding:               256
[2020-01-07 12:13:09.572]    prenet out:              128
[2020-01-07 12:13:09.572]    encoder out:             256
[2020-01-07 12:13:09.572]    attention out:           256
[2020-01-07 12:13:09.572]    concat attn & out:       512
[2020-01-07 12:13:09.572]    decoder cell out:        256
[2020-01-07 12:13:09.572]    decoder out (5 frames):  400
[2020-01-07 12:13:09.572]    decoder out (1 frame):   80
[2020-01-07 12:13:09.572]    postnet out:             256
[2020-01-07 12:13:09.572]    linear out:              1025
[2020-01-07 12:27:18.491]  
-----------------------------------------------------------------

[2020-01-07 12:27:18.491]  INIT LOG

[2020-01-07 12:27:18.491]  -----------------------------------------------------------------

[2020-01-07 12:27:20.775]  Initialized Tacotron model. Dimensions: 
[2020-01-07 12:27:20.775]    embedding:               256
[2020-01-07 12:27:20.775]    prenet out:              128
[2020-01-07 12:27:20.775]    encoder out:             256
[2020-01-07 12:27:20.775]    attention out:           256
[2020-01-07 12:27:20.775]    concat attn & out:       512
[2020-01-07 12:27:20.775]    decoder cell out:        256
[2020-01-07 12:27:20.775]    decoder out (5 frames):  400
[2020-01-07 12:27:20.775]    decoder out (1 frame):   80
[2020-01-07 12:27:20.775]    postnet out:             256
[2020-01-07 12:27:20.775]    linear out:              1025
[2020-01-07 23:33:35.735]  
-----------------------------------------------------------------

[2020-01-07 23:33:35.735]  INIT LOG

[2020-01-07 23:33:35.735]  -----------------------------------------------------------------

[2020-01-07 23:33:38.301]  Initialized Tacotron model. Dimensions: 
[2020-01-07 23:33:38.302]    embedding:               256
[2020-01-07 23:33:38.302]    prenet out:              128
[2020-01-07 23:33:38.302]    encoder out:             256
[2020-01-07 23:33:38.302]    attention out:           256
[2020-01-07 23:33:38.302]    concat attn & out:       512
[2020-01-07 23:33:38.302]    decoder cell out:        256
[2020-01-07 23:33:38.302]    decoder out (5 frames):  400
[2020-01-07 23:33:38.302]    decoder out (1 frame):   80
[2020-01-07 23:33:38.302]    postnet out:             256
[2020-01-07 23:33:38.302]    linear out:              1025
[2020-01-07 23:38:47.192]  
-----------------------------------------------------------------

[2020-01-07 23:38:47.192]  INIT LOG

[2020-01-07 23:38:47.192]  -----------------------------------------------------------------

[2020-01-07 23:38:49.333]  Initialized Tacotron model. Dimensions: 
[2020-01-07 23:38:49.333]    embedding:               256
[2020-01-07 23:38:49.333]    prenet out:              128
[2020-01-07 23:38:49.333]    encoder out:             256
[2020-01-07 23:38:49.333]    attention out:           256
[2020-01-07 23:38:49.333]    concat attn & out:       512
[2020-01-07 23:38:49.333]    decoder cell out:        256
[2020-01-07 23:38:49.333]    decoder out (5 frames):  400
[2020-01-07 23:38:49.333]    decoder out (1 frame):   80
[2020-01-07 23:38:49.333]    postnet out:             256
[2020-01-07 23:38:49.333]    linear out:              1025
[2020-01-07 23:42:01.289]  
-----------------------------------------------------------------

[2020-01-07 23:42:01.289]  INIT LOG

[2020-01-07 23:42:01.289]  -----------------------------------------------------------------

[2020-01-07 23:42:03.440]  Initialized Tacotron model. Dimensions: 
[2020-01-07 23:42:03.440]    embedding:               256
[2020-01-07 23:42:03.440]    prenet out:              128
[2020-01-07 23:42:03.440]    encoder out:             256
[2020-01-07 23:42:03.440]    attention out:           256
[2020-01-07 23:42:03.440]    concat attn & out:       512
[2020-01-07 23:42:03.440]    decoder cell out:        256
[2020-01-07 23:42:03.440]    decoder out (5 frames):  400
[2020-01-07 23:42:03.440]    decoder out (1 frame):   80
[2020-01-07 23:42:03.441]    postnet out:             256
[2020-01-07 23:42:03.441]    linear out:              1025
[2020-01-09 16:11:27.275]  
-----------------------------------------------------------------

[2020-01-09 16:11:27.275]  INIT LOG

[2020-01-09 16:11:27.275]  -----------------------------------------------------------------

[2020-01-09 16:11:29.744]  Initialized Tacotron model. Dimensions: 
[2020-01-09 16:11:29.744]    embedding:               256
[2020-01-09 16:11:29.744]    prenet out:              128
[2020-01-09 16:11:29.744]    encoder out:             256
[2020-01-09 16:11:29.744]    attention out:           256
[2020-01-09 16:11:29.744]    concat attn & out:       512
[2020-01-09 16:11:29.744]    decoder cell out:        256
[2020-01-09 16:11:29.744]    decoder out (5 frames):  400
[2020-01-09 16:11:29.744]    decoder out (1 frame):   80
[2020-01-09 16:11:29.744]    postnet out:             256
[2020-01-09 16:11:29.744]    linear out:              1025
[2020-01-09 16:15:57.940]  
-----------------------------------------------------------------

[2020-01-09 16:15:57.940]  INIT LOG

[2020-01-09 16:15:57.940]  -----------------------------------------------------------------

[2020-01-09 16:16:00.162]  Initialized Tacotron model. Dimensions: 
[2020-01-09 16:16:00.162]    embedding:               256
[2020-01-09 16:16:00.162]    prenet out:              128
[2020-01-09 16:16:00.162]    encoder out:             256
[2020-01-09 16:16:00.162]    attention out:           256
[2020-01-09 16:16:00.162]    concat attn & out:       512
[2020-01-09 16:16:00.163]    decoder cell out:        256
[2020-01-09 16:16:00.163]    decoder out (5 frames):  400
[2020-01-09 16:16:00.163]    decoder out (1 frame):   80
[2020-01-09 16:16:00.163]    postnet out:             256
[2020-01-09 16:16:00.163]    linear out:              1025
[2020-01-09 16:20:11.204]  
-----------------------------------------------------------------

[2020-01-09 16:20:11.205]  INIT LOG

[2020-01-09 16:20:11.205]  -----------------------------------------------------------------

[2020-01-09 16:20:13.375]  Initialized Tacotron model. Dimensions: 
[2020-01-09 16:20:13.375]    embedding:               256
[2020-01-09 16:20:13.376]    prenet out:              128
[2020-01-09 16:20:13.376]    encoder out:             256
[2020-01-09 16:20:13.376]    attention out:           256
[2020-01-09 16:20:13.376]    concat attn & out:       512
[2020-01-09 16:20:13.376]    decoder cell out:        256
[2020-01-09 16:20:13.376]    decoder out (5 frames):  400
[2020-01-09 16:20:13.376]    decoder out (1 frame):   80
[2020-01-09 16:20:13.376]    postnet out:             256
[2020-01-09 16:20:13.376]    linear out:              1025
[2020-01-09 20:59:51.834]  
-----------------------------------------------------------------

[2020-01-09 20:59:51.835]  INIT LOG

[2020-01-09 20:59:51.835]  -----------------------------------------------------------------

[2020-01-09 20:59:54.011]  Initialized Tacotron model. Dimensions: 
[2020-01-09 20:59:54.011]    embedding:               256
[2020-01-09 20:59:54.011]    prenet out:              128
[2020-01-09 20:59:54.011]    encoder out:             256
[2020-01-09 20:59:54.011]    attention out:           256
[2020-01-09 20:59:54.011]    concat attn & out:       512
[2020-01-09 20:59:54.011]    decoder cell out:        256
[2020-01-09 20:59:54.011]    decoder out (5 frames):  400
[2020-01-09 20:59:54.011]    decoder out (1 frame):   80
[2020-01-09 20:59:54.011]    postnet out:             256
[2020-01-09 20:59:54.011]    linear out:              1025
[2020-01-09 21:00:29.809]  
-----------------------------------------------------------------

[2020-01-09 21:00:29.809]  INIT LOG

[2020-01-09 21:00:29.809]  -----------------------------------------------------------------

[2020-01-09 21:00:31.891]  Initialized Tacotron model. Dimensions: 
[2020-01-09 21:00:31.892]    embedding:               256
[2020-01-09 21:00:31.892]    prenet out:              128
[2020-01-09 21:00:31.892]    encoder out:             256
[2020-01-09 21:00:31.892]    attention out:           256
[2020-01-09 21:00:31.892]    concat attn & out:       512
[2020-01-09 21:00:31.892]    decoder cell out:        256
[2020-01-09 21:00:31.892]    decoder out (5 frames):  400
[2020-01-09 21:00:31.892]    decoder out (1 frame):   80
[2020-01-09 21:00:31.892]    postnet out:             256
[2020-01-09 21:00:31.892]    linear out:              1025
[2020-01-09 21:04:11.939]  
-----------------------------------------------------------------

[2020-01-09 21:04:11.939]  INIT LOG

[2020-01-09 21:04:11.939]  -----------------------------------------------------------------

[2020-01-09 21:04:14.000]  Initialized Tacotron model. Dimensions: 
[2020-01-09 21:04:14.000]    embedding:               256
[2020-01-09 21:04:14.000]    prenet out:              128
[2020-01-09 21:04:14.000]    encoder out:             256
[2020-01-09 21:04:14.000]    attention out:           256
[2020-01-09 21:04:14.000]    concat attn & out:       512
[2020-01-09 21:04:14.000]    decoder cell out:        256
[2020-01-09 21:04:14.000]    decoder out (5 frames):  400
[2020-01-09 21:04:14.000]    decoder out (1 frame):   80
[2020-01-09 21:04:14.000]    postnet out:             256
[2020-01-09 21:04:14.000]    linear out:              1025
[2020-01-09 21:04:43.627]  
-----------------------------------------------------------------

[2020-01-09 21:04:43.627]  INIT LOG

[2020-01-09 21:04:43.627]  -----------------------------------------------------------------

[2020-01-09 21:04:45.715]  Initialized Tacotron model. Dimensions: 
[2020-01-09 21:04:45.715]    embedding:               256
[2020-01-09 21:04:45.715]    prenet out:              128
[2020-01-09 21:04:45.715]    encoder out:             256
[2020-01-09 21:04:45.715]    attention out:           256
[2020-01-09 21:04:45.715]    concat attn & out:       512
[2020-01-09 21:04:45.715]    decoder cell out:        256
[2020-01-09 21:04:45.715]    decoder out (5 frames):  400
[2020-01-09 21:04:45.715]    decoder out (1 frame):   80
[2020-01-09 21:04:45.715]    postnet out:             256
[2020-01-09 21:04:45.715]    linear out:              1025
[2020-01-09 21:11:03.668]  
-----------------------------------------------------------------

[2020-01-09 21:11:03.668]  INIT LOG

[2020-01-09 21:11:03.668]  -----------------------------------------------------------------

[2020-01-09 21:11:05.747]  Initialized Tacotron model. Dimensions: 
[2020-01-09 21:11:05.747]    embedding:               256
[2020-01-09 21:11:05.747]    prenet out:              128
[2020-01-09 21:11:05.747]    encoder out:             256
[2020-01-09 21:11:05.747]    attention out:           256
[2020-01-09 21:11:05.747]    concat attn & out:       512
[2020-01-09 21:11:05.747]    decoder cell out:        256
[2020-01-09 21:11:05.747]    decoder out (5 frames):  400
[2020-01-09 21:11:05.747]    decoder out (1 frame):   80
[2020-01-09 21:11:05.747]    postnet out:             256
[2020-01-09 21:11:05.747]    linear out:              1025
[2020-01-09 21:14:58.330]  
-----------------------------------------------------------------

[2020-01-09 21:14:58.330]  INIT LOG

[2020-01-09 21:14:58.330]  -----------------------------------------------------------------

[2020-01-09 21:15:00.424]  Initialized Tacotron model. Dimensions: 
[2020-01-09 21:15:00.424]    embedding:               256
[2020-01-09 21:15:00.424]    prenet out:              128
[2020-01-09 21:15:00.424]    encoder out:             256
[2020-01-09 21:15:00.424]    attention out:           256
[2020-01-09 21:15:00.424]    concat attn & out:       512
[2020-01-09 21:15:00.424]    decoder cell out:        256
[2020-01-09 21:15:00.425]    decoder out (5 frames):  400
[2020-01-09 21:15:00.425]    decoder out (1 frame):   80
[2020-01-09 21:15:00.425]    postnet out:             256
[2020-01-09 21:15:00.425]    linear out:              1025
[2020-01-09 21:17:56.132]  
-----------------------------------------------------------------

[2020-01-09 21:17:56.132]  INIT LOG

[2020-01-09 21:17:56.132]  -----------------------------------------------------------------

[2020-01-09 21:17:58.216]  Initialized Tacotron model. Dimensions: 
[2020-01-09 21:17:58.216]    embedding:               256
[2020-01-09 21:17:58.216]    prenet out:              128
[2020-01-09 21:17:58.216]    encoder out:             256
[2020-01-09 21:17:58.216]    attention out:           256
[2020-01-09 21:17:58.216]    concat attn & out:       512
[2020-01-09 21:17:58.216]    decoder cell out:        256
[2020-01-09 21:17:58.216]    decoder out (5 frames):  400
[2020-01-09 21:17:58.216]    decoder out (1 frame):   80
[2020-01-09 21:17:58.216]    postnet out:             256
[2020-01-09 21:17:58.216]    linear out:              1025
[2020-01-09 21:19:41.790]  
-----------------------------------------------------------------

[2020-01-09 21:19:41.790]  INIT LOG

[2020-01-09 21:19:41.790]  -----------------------------------------------------------------

[2020-01-09 21:19:43.858]  Initialized Tacotron model. Dimensions: 
[2020-01-09 21:19:43.858]    embedding:               256
[2020-01-09 21:19:43.858]    prenet out:              128
[2020-01-09 21:19:43.858]    encoder out:             256
[2020-01-09 21:19:43.858]    attention out:           256
[2020-01-09 21:19:43.859]    concat attn & out:       512
[2020-01-09 21:19:43.859]    decoder cell out:        256
[2020-01-09 21:19:43.859]    decoder out (5 frames):  400
[2020-01-09 21:19:43.859]    decoder out (1 frame):   80
[2020-01-09 21:19:43.859]    postnet out:             256
[2020-01-09 21:19:43.859]    linear out:              1025
[2020-01-09 21:20:56.054]  
-----------------------------------------------------------------

[2020-01-09 21:20:56.054]  INIT LOG

[2020-01-09 21:20:56.054]  -----------------------------------------------------------------

[2020-01-09 21:20:58.234]  Initialized Tacotron model. Dimensions: 
[2020-01-09 21:20:58.234]    embedding:               256
[2020-01-09 21:20:58.234]    prenet out:              128
[2020-01-09 21:20:58.234]    encoder out:             256
[2020-01-09 21:20:58.234]    attention out:           256
[2020-01-09 21:20:58.234]    concat attn & out:       512
[2020-01-09 21:20:58.234]    decoder cell out:        256
[2020-01-09 21:20:58.234]    decoder out (5 frames):  400
[2020-01-09 21:20:58.234]    decoder out (1 frame):   80
[2020-01-09 21:20:58.234]    postnet out:             256
[2020-01-09 21:20:58.234]    linear out:              1025
[2020-01-09 21:21:26.555]  
-----------------------------------------------------------------

[2020-01-09 21:21:26.555]  INIT LOG

[2020-01-09 21:21:26.555]  -----------------------------------------------------------------

[2020-01-09 21:21:28.723]  Initialized Tacotron model. Dimensions: 
[2020-01-09 21:21:28.723]    embedding:               256
[2020-01-09 21:21:28.723]    prenet out:              128
[2020-01-09 21:21:28.723]    encoder out:             256
[2020-01-09 21:21:28.723]    attention out:           256
[2020-01-09 21:21:28.723]    concat attn & out:       512
[2020-01-09 21:21:28.723]    decoder cell out:        256
[2020-01-09 21:21:28.723]    decoder out (5 frames):  400
[2020-01-09 21:21:28.723]    decoder out (1 frame):   80
[2020-01-09 21:21:28.723]    postnet out:             256
[2020-01-09 21:21:28.723]    linear out:              1025
[2020-01-10 18:12:18.224]  
-----------------------------------------------------------------

[2020-01-10 18:12:18.224]  INIT LOG

[2020-01-10 18:12:18.224]  -----------------------------------------------------------------

[2020-01-10 18:12:20.409]  Initialized Tacotron model. Dimensions: 
[2020-01-10 18:12:20.409]    embedding:               256
[2020-01-10 18:12:20.409]    prenet out:              128
[2020-01-10 18:12:20.409]    encoder out:             256
[2020-01-10 18:12:20.409]    attention out:           256
[2020-01-10 18:12:20.409]    concat attn & out:       512
[2020-01-10 18:12:20.409]    decoder cell out:        256
[2020-01-10 18:12:20.409]    decoder out (5 frames):  400
[2020-01-10 18:12:20.409]    decoder out (1 frame):   80
[2020-01-10 18:12:20.409]    postnet out:             256
[2020-01-10 18:12:20.409]    linear out:              1025
[2020-01-10 18:13:56.550]  
-----------------------------------------------------------------

[2020-01-10 18:13:56.550]  INIT LOG

[2020-01-10 18:13:56.550]  -----------------------------------------------------------------

[2020-01-10 18:13:58.807]  Initialized Tacotron model. Dimensions: 
[2020-01-10 18:13:58.807]    embedding:               256
[2020-01-10 18:13:58.808]    prenet out:              128
[2020-01-10 18:13:58.808]    encoder out:             256
[2020-01-10 18:13:58.808]    attention out:           256
[2020-01-10 18:13:58.808]    concat attn & out:       512
[2020-01-10 18:13:58.808]    decoder cell out:        256
[2020-01-10 18:13:58.808]    decoder out (5 frames):  400
[2020-01-10 18:13:58.808]    decoder out (1 frame):   80
[2020-01-10 18:13:58.808]    postnet out:             256
[2020-01-10 18:13:58.808]    linear out:              1025
